<?xml version="1.0" encoding="UTF-8"?>
<testsuite name="com.canting.canting.PetWidgetFreshnessTest" tests="6" skipped="0" failures="0" errors="0" timestamp="2026-09-05T16:13:43.729Z" hostname="BUUAAA" time="0.002">
  <properties/>
  <testcase name="legacyOrMissingMetadataExpires" classname="com.canting.canting.PetWidgetFreshnessTest" time="0.002"/>
  <testcase name="malformedDateExpires" classname="com.canting.canting.PetWidgetFreshnessTest" time="0.0"/>
  <testcase name="sameDateAndZoneIsCurrent" classname="com.canting.canting.PetWidgetFreshnessTest" time="0.0"/>
  <testcase name="clockRollbackExpiresFutureSnapshot" classname="com.canting.canting.PetWidgetFreshnessTest" time="0.0"/>
  <testcase name="timezoneChangeExpiresEvenOnSameDate" classname="com.canting.canting.PetWidgetFreshnessTest" time="0.0"/>
  <testcase name="midnightExpiresYesterday" classname="com.canting.canting.PetWidgetFreshnessTest" time="0.0"/>
  <system-out><![CDATA[]]></system-out>
  <system-err><![CDATA[]]></system-err>
</testsuite>
