<?xml version="1.0" encoding="UTF-8"?>
<testsuite name="com.canting.canting.PetWidgetCompletionTest" tests="6" skipped="0" failures="0" errors="0" timestamp="2026-09-05T16:24:17.138Z" hostname="BUUAAA" time="0.003">
  <properties/>
  <testcase name="emptyDayHasNoCompletionClaim" classname="com.canting.canting.PetWidgetCompletionTest" time="0.0"/>
  <testcase name="limitsAreClamped" classname="com.canting.canting.PetWidgetCompletionTest" time="0.001"/>
  <testcase name="missingRateRemainsUnknown" classname="com.canting.canting.PetWidgetCompletionTest" time="0.0"/>
  <testcase name="incompleteMealDoesNotBecomeZero" classname="com.canting.canting.PetWidgetCompletionTest" time="0.001"/>
  <testcase name="fractionAndLegacyPercentRemainCompatible" classname="com.canting.canting.PetWidgetCompletionTest" time="0.0"/>
  <testcase name="knownZeroIsDifferentFromUnknown" classname="com.canting.canting.PetWidgetCompletionTest" time="0.0"/>
  <system-out><![CDATA[]]></system-out>
  <system-err><![CDATA[]]></system-err>
</testsuite>
