<?xml version="1.0" encoding="UTF-8"?>
<testsuite name="com.canting.canting.P4ParserTest" tests="5" skipped="0" failures="0" errors="0" timestamp="2026-09-05T15:24:28.545Z" hostname="BUUAAA" time="0.004">
  <properties/>
  <testcase name="truncationAndComboAreVisible" classname="com.canting.canting.P4ParserTest" time="0.001"/>
  <testcase name="separateSpecsBelongToProduct" classname="com.canting.canting.P4ParserTest" time="0.002"/>
  <testcase name="differentSpecsNeverMergeAndSameSpecsSum" classname="com.canting.canting.P4ParserTest" time="0.0"/>
  <testcase name="threeDigitQuantityNeverBecomesTen" classname="com.canting.canting.P4ParserTest" time="0.0"/>
  <testcase name="invalidAndOverflowQuantitiesRequireReview" classname="com.canting.canting.P4ParserTest" time="0.001"/>
  <system-out><![CDATA[]]></system-out>
  <system-err><![CDATA[]]></system-err>
</testsuite>
